<?xml version="1.0" encoding="UTF-8"?>
<testsuite name="atm.controller.ATMControllerTest" tests="1" skipped="0" failures="0" errors="0" timestamp="2021-11-13T04:48:10" hostname="ichangsuui-MacBookPro.local" time="0.423">
  <properties/>
  <testcase name="Controller Method doWithdraw Success" classname="atm.controller.ATMControllerTest" time="0.423"/>
  <system-out><![CDATA[13:48:06.474 [Test worker] DEBUG org.springframework.test.context.BootstrapUtils - Instantiating CacheAwareContextLoaderDelegate from class [org.springframework.test.context.cache.DefaultCacheAwareContextLoaderDelegate]
13:48:06.482 [Test worker] DEBUG org.springframework.test.context.BootstrapUtils - Instantiating BootstrapContext using constructor [public org.springframework.test.context.support.DefaultBootstrapContext(java.lang.Class,org.springframework.test.context.CacheAwareContextLoaderDelegate)]
13:48:06.509 [Test worker] DEBUG org.springframework.test.context.BootstrapUtils - Instantiating TestContextBootstrapper for test class [atm.controller.ATMControllerTest] from class [org.springframework.boot.test.context.SpringBootTestContextBootstrapper]
13:48:06.516 [Test worker] INFO org.springframework.boot.test.context.SpringBootTestContextBootstrapper - Neither @ContextConfiguration nor @ContextHierarchy found for test class [atm.controller.ATMControllerTest], using SpringBootContextLoader
13:48:06.519 [Test worker] DEBUG org.springframework.test.context.support.AbstractContextLoader - Did not detect default resource location for test class [atm.controller.ATMControllerTest]: class path resource [atm/controller/ATMControllerTest-context.xml] does not exist
13:48:06.520 [Test worker] DEBUG org.springframework.test.context.support.AbstractContextLoader - Did not detect default resource location for test class [atm.controller.ATMControllerTest]: class path resource [atm/controller/ATMControllerTestContext.groovy] does not exist
13:48:06.520 [Test worker] INFO org.springframework.test.context.support.AbstractContextLoader - Could not detect default resource locations for test class [atm.controller.ATMControllerTest]: no resource found for suffixes {-context.xml, Context.groovy}.
13:48:06.521 [Test worker] INFO org.springframework.test.context.support.AnnotationConfigContextLoaderUtils - Could not detect default configuration classes for test class [atm.controller.ATMControllerTest]: ATMControllerTest does not declare any static, non-private, non-final, nested classes annotated with @Configuration.
13:48:06.567 [Test worker] DEBUG org.springframework.test.context.support.ActiveProfilesUtils - Could not find an 'annotation declaring class' for annotation type [org.springframework.test.context.ActiveProfiles] and class [atm.controller.ATMControllerTest]
13:48:06.613 [Test worker] DEBUG org.springframework.context.annotation.ClassPathScanningCandidateComponentProvider - Identified candidate component class: file [/Users/leecs/Desktop/GitHub/ATM/ATM-Java/build/classes/java/main/atm/ATMApplication.class]
13:48:06.614 [Test worker] INFO org.springframework.boot.test.context.SpringBootTestContextBootstrapper - Found @SpringBootConfiguration atm.ATMApplication for test class atm.controller.ATMControllerTest
13:48:06.687 [Test worker] DEBUG org.springframework.boot.test.context.SpringBootTestContextBootstrapper - @TestExecutionListeners is not present for class [atm.controller.ATMControllerTest]: using defaults.
13:48:06.688 [Test worker] INFO org.springframework.boot.test.context.SpringBootTestContextBootstrapper - Loaded default TestExecutionListener class names from location [META-INF/spring.factories]: [org.springframework.boot.test.autoconfigure.restdocs.RestDocsTestExecutionListener, org.springframework.boot.test.autoconfigure.web.client.MockRestServiceServerResetTestExecutionListener, org.springframework.boot.test.autoconfigure.web.servlet.MockMvcPrintOnlyOnFailureTestExecutionListener, org.springframework.boot.test.autoconfigure.web.servlet.WebDriverTestExecutionListener, org.springframework.boot.test.autoconfigure.webservices.client.MockWebServiceServerTestExecutionListener, org.springframework.boot.test.mock.mockito.MockitoTestExecutionListener, org.springframework.boot.test.mock.mockito.ResetMocksTestExecutionListener, org.springframework.test.context.web.ServletTestExecutionListener, org.springframework.test.context.support.DirtiesContextBeforeModesTestExecutionListener, org.springframework.test.context.event.ApplicationEventsTestExecutionListener, org.springframework.test.context.support.DependencyInjectionTestExecutionListener, org.springframework.test.context.support.DirtiesContextTestExecutionListener, org.springframework.test.context.transaction.TransactionalTestExecutionListener, org.springframework.test.context.jdbc.SqlScriptsTestExecutionListener, org.springframework.test.context.event.EventPublishingTestExecutionListener]
13:48:06.699 [Test worker] INFO org.springframework.boot.test.context.SpringBootTestContextBootstrapper - Using TestExecutionListeners: [org.springframework.test.context.web.ServletTestExecutionListener@21c8d4e0, org.springframework.test.context.support.DirtiesContextBeforeModesTestExecutionListener@7977104c, org.springframework.test.context.event.ApplicationEventsTestExecutionListener@2b65866f, org.springframework.boot.test.mock.mockito.MockitoTestExecutionListener@7380ef1c, org.springframework.boot.test.autoconfigure.SpringBootDependencyInjectionTestExecutionListener@14085a58, org.springframework.test.context.support.DirtiesContextTestExecutionListener@553ccde5, org.springframework.test.context.transaction.TransactionalTestExecutionListener@526d6fd3, org.springframework.test.context.jdbc.SqlScriptsTestExecutionListener@26e1928d, org.springframework.test.context.event.EventPublishingTestExecutionListener@70edd693, org.springframework.boot.test.autoconfigure.restdocs.RestDocsTestExecutionListener@430d7e8e, org.springframework.boot.test.autoconfigure.web.client.MockRestServiceServerResetTestExecutionListener@7a2792cb, org.springframework.boot.test.autoconfigure.web.servlet.MockMvcPrintOnlyOnFailureTestExecutionListener@507812f8, org.springframework.boot.test.autoconfigure.web.servlet.WebDriverTestExecutionListener@4ebf0f2a, org.springframework.boot.test.autoconfigure.webservices.client.MockWebServiceServerTestExecutionListener@666ee17d, org.springframework.boot.test.mock.mockito.ResetMocksTestExecutionListener@209986b1]
13:48:06.702 [Test worker] DEBUG org.springframework.test.context.support.AbstractDirtiesContextTestExecutionListener - Before test class: context [DefaultTestContext@179f4ea1 testClass = ATMControllerTest, testInstance = [null], testMethod = [null], testException = [null], mergedContextConfiguration = [WebMergedContextConfiguration@56c15d98 testClass = ATMControllerTest, locations = '{}', classes = '{class atm.ATMApplication}', contextInitializerClasses = '[]', activeProfiles = '{}', propertySourceLocations = '{}', propertySourceProperties = '{org.springframework.boot.test.context.SpringBootTestContextBootstrapper=true}', contextCustomizers = set[org.springframework.boot.test.autoconfigure.actuate.metrics.MetricsExportContextCustomizerFactory$DisableMetricExportContextCustomizer@5c5cbfb9, org.springframework.boot.test.autoconfigure.properties.PropertyMappingContextCustomizer@4b3fa0b3, org.springframework.boot.test.autoconfigure.web.servlet.WebDriverContextCustomizerFactory$Customizer@6499eb26, [ImportsContextCustomizer@4d3acc71 key = [org.springframework.boot.test.autoconfigure.web.servlet.MockMvcAutoConfiguration, org.springframework.boot.test.autoconfigure.web.servlet.MockMvcWebClientAutoConfiguration, org.springframework.boot.test.autoconfigure.web.servlet.MockMvcWebDriverAutoConfiguration, org.springframework.boot.autoconfigure.security.oauth2.client.servlet.OAuth2ClientAutoConfiguration, org.springframework.boot.autoconfigure.security.oauth2.resource.servlet.OAuth2ResourceServerAutoConfiguration, org.springframework.boot.autoconfigure.security.servlet.SecurityAutoConfiguration, org.springframework.boot.autoconfigure.security.servlet.SecurityFilterAutoConfiguration, org.springframework.boot.autoconfigure.security.servlet.UserDetailsServiceAutoConfiguration, org.springframework.boot.test.autoconfigure.web.servlet.MockMvcSecurityConfiguration]], org.springframework.boot.test.context.filter.ExcludeFilterContextCustomizer@356419e1, org.springframework.boot.test.json.DuplicateJsonObjectContextCustomizerFactory$DuplicateJsonObjectContextCustomizer@16070c19, org.springframework.boot.test.mock.mockito.MockitoContextCustomizer@0, org.springframework.boot.test.web.client.TestRestTemplateContextCustomizer@db8a45f, org.springframework.boot.test.context.SpringBootTestArgs@1, org.springframework.boot.test.context.SpringBootTestWebEnvironment@33a926fb], resourceBasePath = 'src/main/webapp', contextLoader = 'org.springframework.boot.test.context.SpringBootContextLoader', parent = [null]], attributes = map['org.springframework.test.context.web.ServletTestExecutionListener.activateListener' -> true]], class annotated with @DirtiesContext [false] with mode [null].
13:48:06.723 [Test worker] DEBUG org.springframework.test.context.support.TestPropertySourceUtils - Adding inlined properties to environment: {spring.jmx.enabled=false, org.springframework.boot.test.context.SpringBootTestContextBootstrapper=true}

  .   ____          _            __ _ _
 /\\ / ___'_ __ _ _(_)_ __  __ _ \ \ \ \
( ( )\___ | '_ | '_| | '_ \/ _` | \ \ \ \
 \\/  ___)| |_)| | | | | || (_| |  ) ) ) )
  '  |____| .__|_| |_|_| |_\__, | / / / /
 =========|_|==============|___/=/_/_/_/
 :: Spring Boot ::                (v2.5.5)

2021-11-13 13:48:06.972  WARN 58879 --- [    Test worker] ory$DuplicateJsonObjectContextCustomizer : 

Found multiple occurrences of org.json.JSONObject on the class path:

	jar:file:/Users/leecs/.gradle/caches/modules-2/files-2.1/org.json/json/20210307/528c8df3757e8bcf151817b1d7b9b434f6aa08d5/json-20210307.jar!/org/json/JSONObject.class
	jar:file:/Users/leecs/.gradle/caches/modules-2/files-2.1/com.vaadin.external.google/android-json/0.0.20131108.vaadin1/fa26d351fe62a6a17f5cda1287c1c6110dec413f/android-json-0.0.20131108.vaadin1.jar!/org/json/JSONObject.class

You may wish to exclude one of them to ensure predictable runtime behavior

2021-11-13 13:48:06.979  INFO 58879 --- [    Test worker] atm.controller.ATMControllerTest         : Starting ATMControllerTest using Java 15.0.1 on ichangsuui-MacBookPro.local with PID 58879 (started by leecs in /Users/leecs/Desktop/GitHub/ATM/ATM-Java)
2021-11-13 13:48:06.979  INFO 58879 --- [    Test worker] atm.controller.ATMControllerTest         : The following profiles are active: test
2021-11-13 13:48:07.545  INFO 58879 --- [    Test worker] .s.d.r.c.RepositoryConfigurationDelegate : Bootstrapping Spring Data JPA repositories in DEFAULT mode.
2021-11-13 13:48:07.590  INFO 58879 --- [    Test worker] .s.d.r.c.RepositoryConfigurationDelegate : Finished Spring Data repository scanning in 38 ms. Found 2 JPA repository interfaces.
2021-11-13 13:48:07.951  INFO 58879 --- [    Test worker] com.zaxxer.hikari.HikariDataSource       : HikariPool-1 - Starting...
2021-11-13 13:48:08.104  INFO 58879 --- [    Test worker] com.zaxxer.hikari.HikariDataSource       : HikariPool-1 - Start completed.
2021-11-13 13:48:08.168  INFO 58879 --- [    Test worker] o.hibernate.jpa.internal.util.LogHelper  : HHH000204: Processing PersistenceUnitInfo [name: default]
2021-11-13 13:48:08.220  INFO 58879 --- [    Test worker] org.hibernate.Version                    : HHH000412: Hibernate ORM core version 5.4.32.Final
2021-11-13 13:48:08.354  INFO 58879 --- [    Test worker] o.hibernate.annotations.common.Version   : HCANN000001: Hibernate Commons Annotations {5.1.2.Final}
2021-11-13 13:48:08.470  INFO 58879 --- [    Test worker] org.hibernate.dialect.Dialect            : HHH000400: Using dialect: org.hibernate.dialect.H2Dialect
2021-11-13 13:48:09.044  INFO 58879 --- [    Test worker] o.h.t.schema.internal.SchemaCreatorImpl  : HHH000476: Executing import script 'file:/Users/leecs/Desktop/GitHub/ATM/ATM-Java/build/resources/main/import.sql'
2021-11-13 13:48:09.049  INFO 58879 --- [    Test worker] o.h.e.t.j.p.i.JtaPlatformInitiator       : HHH000490: Using JtaPlatform implementation: [org.hibernate.engine.transaction.jta.platform.internal.NoJtaPlatform]
2021-11-13 13:48:09.055  INFO 58879 --- [    Test worker] j.LocalContainerEntityManagerFactoryBean : Initialized JPA EntityManagerFactory for persistence unit 'default'
2021-11-13 13:48:09.564  WARN 58879 --- [    Test worker] JpaBaseConfiguration$JpaWebConfiguration : spring.jpa.open-in-view is enabled by default. Therefore, database queries may be performed during view rendering. Explicitly configure spring.jpa.open-in-view to disable this warning
2021-11-13 13:48:09.990  INFO 58879 --- [    Test worker] o.s.b.t.m.w.SpringBootMockServletContext : Initializing Spring TestDispatcherServlet ''
2021-11-13 13:48:09.990  INFO 58879 --- [    Test worker] o.s.t.web.servlet.TestDispatcherServlet  : Initializing Servlet ''
2021-11-13 13:48:09.991  INFO 58879 --- [    Test worker] o.s.t.web.servlet.TestDispatcherServlet  : Completed initialization in 1 ms
2021-11-13 13:48:10.004  INFO 58879 --- [    Test worker] atm.controller.ATMControllerTest         : Started ATMControllerTest in 3.276 seconds (JVM running for 4.121)

MockHttpServletRequest:
      HTTP Method = POST
      Request URI = /api/withdraw
       Parameters = {id=[card_1]}
          Headers = [Content-Type:"application/json;charset=UTF-8", Content-Length:"55"]
             Body = {"money":75,"pin_number":1234,"account_bank":"SHINHAN"}
    Session Attrs = {}

Handler:
             Type = atm.controller.ATMController
           Method = atm.controller.ATMController#doWithdraw(String, PostRequestBody)

Async:
    Async started = false
     Async result = null

Resolved Exception:
             Type = null

ModelAndView:
        View name = null
             View = null
            Model = null

FlashMap:
       Attributes = null

MockHttpServletResponse:
           Status = 200
    Error message = null
          Headers = [Content-Type:"application/json"]
     Content type = application/json
             Body = {"success":true,"response":{"message":null,"cardId":"card_1","accountBank":"SHINHAN","currentMoney":25}}
    Forwarded URL = null
   Redirected URL = null
          Cookies = []
]]></system-out>
  <system-err><![CDATA[]]></system-err>
</testsuite>
