<?xml version="1.0" encoding="UTF-8"?>
<testsuite name="atm.controller.ATMControllerTest" tests="6" skipped="0" failures="0" errors="0" timestamp="2021-11-13T06:20:22" hostname="ichangsuui-MacBookPro.local" time="0.589">
  <properties/>
  <testcase name="Controller Method doWithdraw Failure" classname="atm.controller.ATMControllerTest" time="0.496"/>
  <testcase name="Controller Method doWithdraw Success" classname="atm.controller.ATMControllerTest" time="0.028"/>
  <testcase name="Controller Method doDeposit Success" classname="atm.controller.ATMControllerTest" time="0.018"/>
  <testcase name="Controller Method getAccount Success" classname="atm.controller.ATMControllerTest" time="0.015"/>
  <testcase name="Controller Method getAccount Failed By PW Exception" classname="atm.controller.ATMControllerTest" time="0.013"/>
  <testcase name="Controller Method getAccount Failed By Cannot Find Account" classname="atm.controller.ATMControllerTest" time="0.015"/>
  <system-out><![CDATA[15:20:18.151 [Test worker] DEBUG org.springframework.test.context.BootstrapUtils - Instantiating CacheAwareContextLoaderDelegate from class [org.springframework.test.context.cache.DefaultCacheAwareContextLoaderDelegate]
15:20:18.162 [Test worker] DEBUG org.springframework.test.context.BootstrapUtils - Instantiating BootstrapContext using constructor [public org.springframework.test.context.support.DefaultBootstrapContext(java.lang.Class,org.springframework.test.context.CacheAwareContextLoaderDelegate)]
15:20:18.191 [Test worker] DEBUG org.springframework.test.context.BootstrapUtils - Instantiating TestContextBootstrapper for test class [atm.controller.ATMControllerTest] from class [org.springframework.boot.test.context.SpringBootTestContextBootstrapper]
15:20:18.201 [Test worker] INFO org.springframework.boot.test.context.SpringBootTestContextBootstrapper - Neither @ContextConfiguration nor @ContextHierarchy found for test class [atm.controller.ATMControllerTest], using SpringBootContextLoader
15:20:18.205 [Test worker] DEBUG org.springframework.test.context.support.AbstractContextLoader - Did not detect default resource location for test class [atm.controller.ATMControllerTest]: class path resource [atm/controller/ATMControllerTest-context.xml] does not exist
15:20:18.205 [Test worker] DEBUG org.springframework.test.context.support.AbstractContextLoader - Did not detect default resource location for test class [atm.controller.ATMControllerTest]: class path resource [atm/controller/ATMControllerTestContext.groovy] does not exist
15:20:18.206 [Test worker] INFO org.springframework.test.context.support.AbstractContextLoader - Could not detect default resource locations for test class [atm.controller.ATMControllerTest]: no resource found for suffixes {-context.xml, Context.groovy}.
15:20:18.207 [Test worker] INFO org.springframework.test.context.support.AnnotationConfigContextLoaderUtils - Could not detect default configuration classes for test class [atm.controller.ATMControllerTest]: ATMControllerTest does not declare any static, non-private, non-final, nested classes annotated with @Configuration.
15:20:18.255 [Test worker] DEBUG org.springframework.test.context.support.ActiveProfilesUtils - Could not find an 'annotation declaring class' for annotation type [org.springframework.test.context.ActiveProfiles] and class [atm.controller.ATMControllerTest]
15:20:18.302 [Test worker] DEBUG org.springframework.context.annotation.ClassPathScanningCandidateComponentProvider - Identified candidate component class: file [/Users/leecs/Desktop/GitHub/ATM/build/classes/java/main/atm/ATMApplication.class]
15:20:18.303 [Test worker] INFO org.springframework.boot.test.context.SpringBootTestContextBootstrapper - Found @SpringBootConfiguration atm.ATMApplication for test class atm.controller.ATMControllerTest
15:20:18.385 [Test worker] DEBUG org.springframework.boot.test.context.SpringBootTestContextBootstrapper - @TestExecutionListeners is not present for class [atm.controller.ATMControllerTest]: using defaults.
15:20:18.386 [Test worker] INFO org.springframework.boot.test.context.SpringBootTestContextBootstrapper - Loaded default TestExecutionListener class names from location [META-INF/spring.factories]: [org.springframework.boot.test.autoconfigure.restdocs.RestDocsTestExecutionListener, org.springframework.boot.test.autoconfigure.web.client.MockRestServiceServerResetTestExecutionListener, org.springframework.boot.test.autoconfigure.web.servlet.MockMvcPrintOnlyOnFailureTestExecutionListener, org.springframework.boot.test.autoconfigure.web.servlet.WebDriverTestExecutionListener, org.springframework.boot.test.autoconfigure.webservices.client.MockWebServiceServerTestExecutionListener, org.springframework.boot.test.mock.mockito.MockitoTestExecutionListener, org.springframework.boot.test.mock.mockito.ResetMocksTestExecutionListener, org.springframework.test.context.web.ServletTestExecutionListener, org.springframework.test.context.support.DirtiesContextBeforeModesTestExecutionListener, org.springframework.test.context.event.ApplicationEventsTestExecutionListener, org.springframework.test.context.support.DependencyInjectionTestExecutionListener, org.springframework.test.context.support.DirtiesContextTestExecutionListener, org.springframework.test.context.transaction.TransactionalTestExecutionListener, org.springframework.test.context.jdbc.SqlScriptsTestExecutionListener, org.springframework.test.context.event.EventPublishingTestExecutionListener]
15:20:18.397 [Test worker] INFO org.springframework.boot.test.context.SpringBootTestContextBootstrapper - Using TestExecutionListeners: [org.springframework.test.context.web.ServletTestExecutionListener@3676f48b, org.springframework.test.context.support.DirtiesContextBeforeModesTestExecutionListener@1cd8850, org.springframework.test.context.event.ApplicationEventsTestExecutionListener@75654555, org.springframework.boot.test.mock.mockito.MockitoTestExecutionListener@24cd7b84, org.springframework.boot.test.autoconfigure.SpringBootDependencyInjectionTestExecutionListener@259e013a, org.springframework.test.context.support.DirtiesContextTestExecutionListener@48fc92d1, org.springframework.test.context.transaction.TransactionalTestExecutionListener@176c3976, org.springframework.test.context.jdbc.SqlScriptsTestExecutionListener@58326144, org.springframework.test.context.event.EventPublishingTestExecutionListener@df03ca9, org.springframework.boot.test.autoconfigure.restdocs.RestDocsTestExecutionListener@21365ddc, org.springframework.boot.test.autoconfigure.web.client.MockRestServiceServerResetTestExecutionListener@57677705, org.springframework.boot.test.autoconfigure.web.servlet.MockMvcPrintOnlyOnFailureTestExecutionListener@1c1414ec, org.springframework.boot.test.autoconfigure.web.servlet.WebDriverTestExecutionListener@100d66b3, org.springframework.boot.test.autoconfigure.webservices.client.MockWebServiceServerTestExecutionListener@34611d3, org.springframework.boot.test.mock.mockito.ResetMocksTestExecutionListener@6f7591e1]
15:20:18.400 [Test worker] DEBUG org.springframework.test.context.support.AbstractDirtiesContextTestExecutionListener - Before test class: context [DefaultTestContext@1160232 testClass = ATMControllerTest, testInstance = [null], testMethod = [null], testException = [null], mergedContextConfiguration = [WebMergedContextConfiguration@729310e1 testClass = ATMControllerTest, locations = '{}', classes = '{class atm.ATMApplication}', contextInitializerClasses = '[]', activeProfiles = '{}', propertySourceLocations = '{}', propertySourceProperties = '{org.springframework.boot.test.context.SpringBootTestContextBootstrapper=true}', contextCustomizers = set[org.springframework.boot.test.autoconfigure.actuate.metrics.MetricsExportContextCustomizerFactory$DisableMetricExportContextCustomizer@129e9e82, org.springframework.boot.test.autoconfigure.properties.PropertyMappingContextCustomizer@4b3fa0b3, org.springframework.boot.test.autoconfigure.web.servlet.WebDriverContextCustomizerFactory$Customizer@21ea3fef, [ImportsContextCustomizer@51310a44 key = [org.springframework.boot.test.autoconfigure.web.servlet.MockMvcAutoConfiguration, org.springframework.boot.test.autoconfigure.web.servlet.MockMvcWebClientAutoConfiguration, org.springframework.boot.test.autoconfigure.web.servlet.MockMvcWebDriverAutoConfiguration, org.springframework.boot.autoconfigure.security.oauth2.client.servlet.OAuth2ClientAutoConfiguration, org.springframework.boot.autoconfigure.security.oauth2.resource.servlet.OAuth2ResourceServerAutoConfiguration, org.springframework.boot.autoconfigure.security.servlet.SecurityAutoConfiguration, org.springframework.boot.autoconfigure.security.servlet.SecurityFilterAutoConfiguration, org.springframework.boot.autoconfigure.security.servlet.UserDetailsServiceAutoConfiguration, org.springframework.boot.test.autoconfigure.web.servlet.MockMvcSecurityConfiguration]], org.springframework.boot.test.context.filter.ExcludeFilterContextCustomizer@1887f926, org.springframework.boot.test.json.DuplicateJsonObjectContextCustomizerFactory$DuplicateJsonObjectContextCustomizer@6a3dfe21, org.springframework.boot.test.mock.mockito.MockitoContextCustomizer@0, org.springframework.boot.test.web.client.TestRestTemplateContextCustomizer@7937e6c3, org.springframework.boot.test.context.SpringBootTestArgs@1, org.springframework.boot.test.context.SpringBootTestWebEnvironment@1da20f29], resourceBasePath = 'src/main/webapp', contextLoader = 'org.springframework.boot.test.context.SpringBootContextLoader', parent = [null]], attributes = map['org.springframework.test.context.web.ServletTestExecutionListener.activateListener' -> true]], class annotated with @DirtiesContext [false] with mode [null].
15:20:18.425 [Test worker] DEBUG org.springframework.test.context.support.TestPropertySourceUtils - Adding inlined properties to environment: {spring.jmx.enabled=false, org.springframework.boot.test.context.SpringBootTestContextBootstrapper=true}

  .   ____          _            __ _ _
 /\\ / ___'_ __ _ _(_)_ __  __ _ \ \ \ \
( ( )\___ | '_ | '_| | '_ \/ _` | \ \ \ \
 \\/  ___)| |_)| | | | | || (_| |  ) ) ) )
  '  |____| .__|_| |_|_| |_\__, | / / / /
 =========|_|==============|___/=/_/_/_/
 :: Spring Boot ::                (v2.5.5)

2021-11-13 15:20:18.844  WARN 4044 --- [    Test worker] ory$DuplicateJsonObjectContextCustomizer : 

Found multiple occurrences of org.json.JSONObject on the class path:

	jar:file:/Users/leecs/.gradle/caches/modules-2/files-2.1/org.json/json/20210307/528c8df3757e8bcf151817b1d7b9b434f6aa08d5/json-20210307.jar!/org/json/JSONObject.class
	jar:file:/Users/leecs/.gradle/caches/modules-2/files-2.1/com.vaadin.external.google/android-json/0.0.20131108.vaadin1/fa26d351fe62a6a17f5cda1287c1c6110dec413f/android-json-0.0.20131108.vaadin1.jar!/org/json/JSONObject.class

You may wish to exclude one of them to ensure predictable runtime behavior

2021-11-13 15:20:18.854  INFO 4044 --- [    Test worker] atm.controller.ATMControllerTest         : Starting ATMControllerTest using Java 16.0.1 on ichangsuui-MacBookPro.local with PID 4044 (started by leecs in /Users/leecs/Desktop/GitHub/ATM)
2021-11-13 15:20:18.855  INFO 4044 --- [    Test worker] atm.controller.ATMControllerTest         : The following profiles are active: test
2021-11-13 15:20:19.530  INFO 4044 --- [    Test worker] .s.d.r.c.RepositoryConfigurationDelegate : Bootstrapping Spring Data JPA repositories in DEFAULT mode.
2021-11-13 15:20:19.585  INFO 4044 --- [    Test worker] .s.d.r.c.RepositoryConfigurationDelegate : Finished Spring Data repository scanning in 49 ms. Found 2 JPA repository interfaces.
2021-11-13 15:20:20.033  INFO 4044 --- [    Test worker] com.zaxxer.hikari.HikariDataSource       : HikariPool-1 - Starting...
2021-11-13 15:20:20.192  INFO 4044 --- [    Test worker] com.zaxxer.hikari.HikariDataSource       : HikariPool-1 - Start completed.
2021-11-13 15:20:20.254  INFO 4044 --- [    Test worker] o.hibernate.jpa.internal.util.LogHelper  : HHH000204: Processing PersistenceUnitInfo [name: default]
2021-11-13 15:20:20.304  INFO 4044 --- [    Test worker] org.hibernate.Version                    : HHH000412: Hibernate ORM core version 5.4.32.Final
2021-11-13 15:20:20.419  INFO 4044 --- [    Test worker] o.hibernate.annotations.common.Version   : HCANN000001: Hibernate Commons Annotations {5.1.2.Final}
2021-11-13 15:20:20.530  INFO 4044 --- [    Test worker] org.hibernate.dialect.Dialect            : HHH000400: Using dialect: org.hibernate.dialect.H2Dialect
2021-11-13 15:20:21.060  INFO 4044 --- [    Test worker] o.h.t.schema.internal.SchemaCreatorImpl  : HHH000476: Executing import script 'file:/Users/leecs/Desktop/GitHub/ATM/build/resources/main/import.sql'
2021-11-13 15:20:21.067  INFO 4044 --- [    Test worker] o.h.e.t.j.p.i.JtaPlatformInitiator       : HHH000490: Using JtaPlatform implementation: [org.hibernate.engine.transaction.jta.platform.internal.NoJtaPlatform]
2021-11-13 15:20:21.075  INFO 4044 --- [    Test worker] j.LocalContainerEntityManagerFactoryBean : Initialized JPA EntityManagerFactory for persistence unit 'default'
2021-11-13 15:20:21.659  WARN 4044 --- [    Test worker] JpaBaseConfiguration$JpaWebConfiguration : spring.jpa.open-in-view is enabled by default. Therefore, database queries may be performed during view rendering. Explicitly configure spring.jpa.open-in-view to disable this warning
2021-11-13 15:20:22.144  INFO 4044 --- [    Test worker] o.s.b.t.m.w.SpringBootMockServletContext : Initializing Spring TestDispatcherServlet ''
2021-11-13 15:20:22.144  INFO 4044 --- [    Test worker] o.s.t.web.servlet.TestDispatcherServlet  : Initializing Servlet ''
2021-11-13 15:20:22.145  INFO 4044 --- [    Test worker] o.s.t.web.servlet.TestDispatcherServlet  : Completed initialization in 1 ms
2021-11-13 15:20:22.164  INFO 4044 --- [    Test worker] atm.controller.ATMControllerTest         : Started ATMControllerTest in 3.733 seconds (JVM running for 4.686)

MockHttpServletRequest:
      HTTP Method = POST
      Request URI = /api/withdraw
       Parameters = {id=[card_1]}
          Headers = [Content-Type:"application/json;charset=UTF-8", Content-Length:"56"]
             Body = {"money":110,"pin_number":1234,"account_bank":"SHINHAN"}
    Session Attrs = {}

Handler:
             Type = atm.controller.ATMController
           Method = atm.controller.ATMController#doWithdraw(String, PostRequestBody)

Async:
    Async started = false
     Async result = null

Resolved Exception:
             Type = atm.Exception.BalanceIsLittleThanMoney

ModelAndView:
        View name = null
             View = null
            Model = null

FlashMap:
       Attributes = null

MockHttpServletResponse:
           Status = 400
    Error message = null
          Headers = [Content-Type:"application/json"]
     Content type = application/json
             Body = {"success":false,"response":{"message":"Cannot Withdraw Money","cardId":null,"accountBank":null,"currentMoney":null}}
    Forwarded URL = null
   Redirected URL = null
          Cookies = []
2021-11-13 15:20:22.681  INFO 4044 --- [    Test worker] o.s.t.c.transaction.TransactionContext   : Began transaction (1) for test context [DefaultTestContext@1160232 testClass = ATMControllerTest, testInstance = atm.controller.ATMControllerTest@4823d26d, testMethod = doWithdrawSuccessTest@ATMControllerTest, testException = [null], mergedContextConfiguration = [WebMergedContextConfiguration@729310e1 testClass = ATMControllerTest, locations = '{}', classes = '{class atm.ATMApplication}', contextInitializerClasses = '[]', activeProfiles = '{}', propertySourceLocations = '{}', propertySourceProperties = '{org.springframework.boot.test.context.SpringBootTestContextBootstrapper=true}', contextCustomizers = set[org.springframework.boot.test.autoconfigure.actuate.metrics.MetricsExportContextCustomizerFactory$DisableMetricExportContextCustomizer@129e9e82, org.springframework.boot.test.autoconfigure.properties.PropertyMappingContextCustomizer@4b3fa0b3, org.springframework.boot.test.autoconfigure.web.servlet.WebDriverContextCustomizerFactory$Customizer@21ea3fef, [ImportsContextCustomizer@51310a44 key = [org.springframework.boot.test.autoconfigure.web.servlet.MockMvcAutoConfiguration, org.springframework.boot.test.autoconfigure.web.servlet.MockMvcWebClientAutoConfiguration, org.springframework.boot.test.autoconfigure.web.servlet.MockMvcWebDriverAutoConfiguration, org.springframework.boot.autoconfigure.security.oauth2.client.servlet.OAuth2ClientAutoConfiguration, org.springframework.boot.autoconfigure.security.oauth2.resource.servlet.OAuth2ResourceServerAutoConfiguration, org.springframework.boot.autoconfigure.security.servlet.SecurityAutoConfiguration, org.springframework.boot.autoconfigure.security.servlet.SecurityFilterAutoConfiguration, org.springframework.boot.autoconfigure.security.servlet.UserDetailsServiceAutoConfiguration, org.springframework.boot.test.autoconfigure.web.servlet.MockMvcSecurityConfiguration]], org.springframework.boot.test.context.filter.ExcludeFilterContextCustomizer@1887f926, org.springframework.boot.test.json.DuplicateJsonObjectContextCustomizerFactory$DuplicateJsonObjectContextCustomizer@6a3dfe21, org.springframework.boot.test.mock.mockito.MockitoContextCustomizer@0, org.springframework.boot.test.web.client.TestRestTemplateContextCustomizer@7937e6c3, org.springframework.boot.test.context.SpringBootTestArgs@1, org.springframework.boot.test.context.SpringBootTestWebEnvironment@1da20f29], resourceBasePath = 'src/main/webapp', contextLoader = 'org.springframework.boot.test.context.SpringBootContextLoader', parent = [null]], attributes = map['org.springframework.test.context.web.ServletTestExecutionListener.activateListener' -> true, 'org.springframework.test.context.web.ServletTestExecutionListener.populatedRequestContextHolder' -> true, 'org.springframework.test.context.web.ServletTestExecutionListener.resetRequestContextHolder' -> true, 'org.springframework.test.context.event.ApplicationEventsTestExecutionListener.recordApplicationEvents' -> false]]; transaction manager [org.springframework.orm.jpa.JpaTransactionManager@16202280]; rollback [true]

MockHttpServletRequest:
      HTTP Method = POST
      Request URI = /api/withdraw
       Parameters = {id=[card_1]}
          Headers = [Content-Type:"application/json;charset=UTF-8", Content-Length:"55"]
             Body = {"money":75,"pin_number":1234,"account_bank":"SHINHAN"}
    Session Attrs = {}

Handler:
             Type = atm.controller.ATMController
           Method = atm.controller.ATMController#doWithdraw(String, PostRequestBody)

Async:
    Async started = false
     Async result = null

Resolved Exception:
             Type = null

ModelAndView:
        View name = null
             View = null
            Model = null

FlashMap:
       Attributes = null

MockHttpServletResponse:
           Status = 200
    Error message = null
          Headers = [Content-Type:"application/json"]
     Content type = application/json
             Body = {"success":true,"response":{"message":null,"cardId":"card_1","accountBank":"SHINHAN","currentMoney":25}}
    Forwarded URL = null
   Redirected URL = null
          Cookies = []
2021-11-13 15:20:22.704  INFO 4044 --- [    Test worker] o.s.t.c.transaction.TransactionContext   : Rolled back transaction for test: [DefaultTestContext@1160232 testClass = ATMControllerTest, testInstance = atm.controller.ATMControllerTest@4823d26d, testMethod = doWithdrawSuccessTest@ATMControllerTest, testException = [null], mergedContextConfiguration = [WebMergedContextConfiguration@729310e1 testClass = ATMControllerTest, locations = '{}', classes = '{class atm.ATMApplication}', contextInitializerClasses = '[]', activeProfiles = '{}', propertySourceLocations = '{}', propertySourceProperties = '{org.springframework.boot.test.context.SpringBootTestContextBootstrapper=true}', contextCustomizers = set[org.springframework.boot.test.autoconfigure.actuate.metrics.MetricsExportContextCustomizerFactory$DisableMetricExportContextCustomizer@129e9e82, org.springframework.boot.test.autoconfigure.properties.PropertyMappingContextCustomizer@4b3fa0b3, org.springframework.boot.test.autoconfigure.web.servlet.WebDriverContextCustomizerFactory$Customizer@21ea3fef, [ImportsContextCustomizer@51310a44 key = [org.springframework.boot.test.autoconfigure.web.servlet.MockMvcAutoConfiguration, org.springframework.boot.test.autoconfigure.web.servlet.MockMvcWebClientAutoConfiguration, org.springframework.boot.test.autoconfigure.web.servlet.MockMvcWebDriverAutoConfiguration, org.springframework.boot.autoconfigure.security.oauth2.client.servlet.OAuth2ClientAutoConfiguration, org.springframework.boot.autoconfigure.security.oauth2.resource.servlet.OAuth2ResourceServerAutoConfiguration, org.springframework.boot.autoconfigure.security.servlet.SecurityAutoConfiguration, org.springframework.boot.autoconfigure.security.servlet.SecurityFilterAutoConfiguration, org.springframework.boot.autoconfigure.security.servlet.UserDetailsServiceAutoConfiguration, org.springframework.boot.test.autoconfigure.web.servlet.MockMvcSecurityConfiguration]], org.springframework.boot.test.context.filter.ExcludeFilterContextCustomizer@1887f926, org.springframework.boot.test.json.DuplicateJsonObjectContextCustomizerFactory$DuplicateJsonObjectContextCustomizer@6a3dfe21, org.springframework.boot.test.mock.mockito.MockitoContextCustomizer@0, org.springframework.boot.test.web.client.TestRestTemplateContextCustomizer@7937e6c3, org.springframework.boot.test.context.SpringBootTestArgs@1, org.springframework.boot.test.context.SpringBootTestWebEnvironment@1da20f29], resourceBasePath = 'src/main/webapp', contextLoader = 'org.springframework.boot.test.context.SpringBootContextLoader', parent = [null]], attributes = map['org.springframework.test.context.web.ServletTestExecutionListener.activateListener' -> true, 'org.springframework.test.context.web.ServletTestExecutionListener.populatedRequestContextHolder' -> true, 'org.springframework.test.context.web.ServletTestExecutionListener.resetRequestContextHolder' -> true, 'org.springframework.test.context.event.ApplicationEventsTestExecutionListener.recordApplicationEvents' -> false]]
2021-11-13 15:20:22.708  INFO 4044 --- [    Test worker] o.s.t.c.transaction.TransactionContext   : Began transaction (1) for test context [DefaultTestContext@1160232 testClass = ATMControllerTest, testInstance = atm.controller.ATMControllerTest@44b0ed8, testMethod = doDepositTest@ATMControllerTest, testException = [null], mergedContextConfiguration = [WebMergedContextConfiguration@729310e1 testClass = ATMControllerTest, locations = '{}', classes = '{class atm.ATMApplication}', contextInitializerClasses = '[]', activeProfiles = '{}', propertySourceLocations = '{}', propertySourceProperties = '{org.springframework.boot.test.context.SpringBootTestContextBootstrapper=true}', contextCustomizers = set[org.springframework.boot.test.autoconfigure.actuate.metrics.MetricsExportContextCustomizerFactory$DisableMetricExportContextCustomizer@129e9e82, org.springframework.boot.test.autoconfigure.properties.PropertyMappingContextCustomizer@4b3fa0b3, org.springframework.boot.test.autoconfigure.web.servlet.WebDriverContextCustomizerFactory$Customizer@21ea3fef, [ImportsContextCustomizer@51310a44 key = [org.springframework.boot.test.autoconfigure.web.servlet.MockMvcAutoConfiguration, org.springframework.boot.test.autoconfigure.web.servlet.MockMvcWebClientAutoConfiguration, org.springframework.boot.test.autoconfigure.web.servlet.MockMvcWebDriverAutoConfiguration, org.springframework.boot.autoconfigure.security.oauth2.client.servlet.OAuth2ClientAutoConfiguration, org.springframework.boot.autoconfigure.security.oauth2.resource.servlet.OAuth2ResourceServerAutoConfiguration, org.springframework.boot.autoconfigure.security.servlet.SecurityAutoConfiguration, org.springframework.boot.autoconfigure.security.servlet.SecurityFilterAutoConfiguration, org.springframework.boot.autoconfigure.security.servlet.UserDetailsServiceAutoConfiguration, org.springframework.boot.test.autoconfigure.web.servlet.MockMvcSecurityConfiguration]], org.springframework.boot.test.context.filter.ExcludeFilterContextCustomizer@1887f926, org.springframework.boot.test.json.DuplicateJsonObjectContextCustomizerFactory$DuplicateJsonObjectContextCustomizer@6a3dfe21, org.springframework.boot.test.mock.mockito.MockitoContextCustomizer@0, org.springframework.boot.test.web.client.TestRestTemplateContextCustomizer@7937e6c3, org.springframework.boot.test.context.SpringBootTestArgs@1, org.springframework.boot.test.context.SpringBootTestWebEnvironment@1da20f29], resourceBasePath = 'src/main/webapp', contextLoader = 'org.springframework.boot.test.context.SpringBootContextLoader', parent = [null]], attributes = map['org.springframework.test.context.web.ServletTestExecutionListener.activateListener' -> true, 'org.springframework.test.context.web.ServletTestExecutionListener.populatedRequestContextHolder' -> true, 'org.springframework.test.context.web.ServletTestExecutionListener.resetRequestContextHolder' -> true, 'org.springframework.test.context.event.ApplicationEventsTestExecutionListener.recordApplicationEvents' -> false]]; transaction manager [org.springframework.orm.jpa.JpaTransactionManager@16202280]; rollback [true]

MockHttpServletRequest:
      HTTP Method = POST
      Request URI = /api/deposit
       Parameters = {id=[card_1]}
          Headers = [Content-Type:"application/json;charset=UTF-8", Content-Length:"55"]
             Body = {"money":10,"pin_number":1234,"account_bank":"SHINHAN"}
    Session Attrs = {}

Handler:
             Type = atm.controller.ATMController
           Method = atm.controller.ATMController#doDeposit(String, PostRequestBody)

Async:
    Async started = false
     Async result = null

Resolved Exception:
             Type = null

ModelAndView:
        View name = null
             View = null
            Model = null

FlashMap:
       Attributes = null

MockHttpServletResponse:
           Status = 200
    Error message = null
          Headers = [Content-Type:"application/json"]
     Content type = application/json
             Body = {"success":true,"response":{"message":null,"cardId":"card_1","accountBank":"SHINHAN","currentMoney":110}}
    Forwarded URL = null
   Redirected URL = null
          Cookies = []
2021-11-13 15:20:22.724  INFO 4044 --- [    Test worker] o.s.t.c.transaction.TransactionContext   : Rolled back transaction for test: [DefaultTestContext@1160232 testClass = ATMControllerTest, testInstance = atm.controller.ATMControllerTest@44b0ed8, testMethod = doDepositTest@ATMControllerTest, testException = [null], mergedContextConfiguration = [WebMergedContextConfiguration@729310e1 testClass = ATMControllerTest, locations = '{}', classes = '{class atm.ATMApplication}', contextInitializerClasses = '[]', activeProfiles = '{}', propertySourceLocations = '{}', propertySourceProperties = '{org.springframework.boot.test.context.SpringBootTestContextBootstrapper=true}', contextCustomizers = set[org.springframework.boot.test.autoconfigure.actuate.metrics.MetricsExportContextCustomizerFactory$DisableMetricExportContextCustomizer@129e9e82, org.springframework.boot.test.autoconfigure.properties.PropertyMappingContextCustomizer@4b3fa0b3, org.springframework.boot.test.autoconfigure.web.servlet.WebDriverContextCustomizerFactory$Customizer@21ea3fef, [ImportsContextCustomizer@51310a44 key = [org.springframework.boot.test.autoconfigure.web.servlet.MockMvcAutoConfiguration, org.springframework.boot.test.autoconfigure.web.servlet.MockMvcWebClientAutoConfiguration, org.springframework.boot.test.autoconfigure.web.servlet.MockMvcWebDriverAutoConfiguration, org.springframework.boot.autoconfigure.security.oauth2.client.servlet.OAuth2ClientAutoConfiguration, org.springframework.boot.autoconfigure.security.oauth2.resource.servlet.OAuth2ResourceServerAutoConfiguration, org.springframework.boot.autoconfigure.security.servlet.SecurityAutoConfiguration, org.springframework.boot.autoconfigure.security.servlet.SecurityFilterAutoConfiguration, org.springframework.boot.autoconfigure.security.servlet.UserDetailsServiceAutoConfiguration, org.springframework.boot.test.autoconfigure.web.servlet.MockMvcSecurityConfiguration]], org.springframework.boot.test.context.filter.ExcludeFilterContextCustomizer@1887f926, org.springframework.boot.test.json.DuplicateJsonObjectContextCustomizerFactory$DuplicateJsonObjectContextCustomizer@6a3dfe21, org.springframework.boot.test.mock.mockito.MockitoContextCustomizer@0, org.springframework.boot.test.web.client.TestRestTemplateContextCustomizer@7937e6c3, org.springframework.boot.test.context.SpringBootTestArgs@1, org.springframework.boot.test.context.SpringBootTestWebEnvironment@1da20f29], resourceBasePath = 'src/main/webapp', contextLoader = 'org.springframework.boot.test.context.SpringBootContextLoader', parent = [null]], attributes = map['org.springframework.test.context.web.ServletTestExecutionListener.activateListener' -> true, 'org.springframework.test.context.web.ServletTestExecutionListener.populatedRequestContextHolder' -> true, 'org.springframework.test.context.web.ServletTestExecutionListener.resetRequestContextHolder' -> true, 'org.springframework.test.context.event.ApplicationEventsTestExecutionListener.recordApplicationEvents' -> false]]

MockHttpServletRequest:
      HTTP Method = POST
      Request URI = /api/show
       Parameters = {id=[card_1]}
          Headers = [Content-Type:"application/json;charset=UTF-8", Content-Length:"54"]
             Body = {"money":0,"pin_number":1234,"account_bank":"SHINHAN"}
    Session Attrs = {}

Handler:
             Type = atm.controller.ATMController
           Method = atm.controller.ATMController#getAccount(String, PostRequestBody)

Async:
    Async started = false
     Async result = null

Resolved Exception:
             Type = null

ModelAndView:
        View name = null
             View = null
            Model = null

FlashMap:
       Attributes = null

MockHttpServletResponse:
           Status = 200
    Error message = null
          Headers = [Content-Type:"application/json"]
     Content type = application/json
             Body = {"success":true,"response":{"message":null,"cardId":"card_1","accountBank":"SHINHAN","currentMoney":100}}
    Forwarded URL = null
   Redirected URL = null
          Cookies = []

MockHttpServletRequest:
      HTTP Method = POST
      Request URI = /api/show
       Parameters = {id=[card_1]}
          Headers = [Content-Type:"application/json;charset=UTF-8", Content-Length:"49"]
             Body = {"money":0,"pin_number":1236,"account_bank":"KB"}
    Session Attrs = {}

Handler:
             Type = atm.controller.ATMController
           Method = atm.controller.ATMController#getAccount(String, PostRequestBody)

Async:
    Async started = false
     Async result = null

Resolved Exception:
             Type = atm.Exception.NotCorrectPW

ModelAndView:
        View name = null
             View = null
            Model = null

FlashMap:
       Attributes = null

MockHttpServletResponse:
           Status = 400
    Error message = null
          Headers = [Content-Type:"application/json"]
     Content type = application/json
             Body = {"success":false,"response":{"message":"Not Correct PassWord","cardId":null,"accountBank":null,"currentMoney":null}}
    Forwarded URL = null
   Redirected URL = null
          Cookies = []

MockHttpServletRequest:
      HTTP Method = POST
      Request URI = /api/show
       Parameters = {id=[card_1]}
          Headers = [Content-Type:"application/json;charset=UTF-8", Content-Length:"49"]
             Body = {"money":0,"pin_number":1234,"account_bank":"KB"}
    Session Attrs = {}

Handler:
             Type = atm.controller.ATMController
           Method = atm.controller.ATMController#getAccount(String, PostRequestBody)

Async:
    Async started = false
     Async result = null

Resolved Exception:
             Type = atm.Exception.NoMatchingAccount

ModelAndView:
        View name = null
             View = null
            Model = null

FlashMap:
       Attributes = null

MockHttpServletResponse:
           Status = 400
    Error message = null
          Headers = [Content-Type:"application/json"]
     Content type = application/json
             Body = {"success":false,"response":{"message":"No Matching Account For RequestBody","cardId":null,"accountBank":null,"currentMoney":null}}
    Forwarded URL = null
   Redirected URL = null
          Cookies = []
]]></system-out>
  <system-err><![CDATA[]]></system-err>
</testsuite>
